<?xml version="1.0" encoding="UTF-8"?>
<testsuite xmlns:xsi="http://www.w3.org/2001/XMLSchema-instance" xsi:noNamespaceSchemaLocation="https://maven.apache.org/surefire/maven-surefire-plugin/xsd/surefire-test-report-3.0.xsd" version="3.0" name="serverrest.ContratoCarrinhoTest" time="1.13" tests="1" errors="0" skipped="0" failures="1">
  <properties>
[...]
</properties>
  <testcase name="deveValidarContratoDeCarrinhos" classname="serverrest.ContratoCarrinhoTest" time="1.116">
    <failure message="1 expectation failed.&#10;Response body doesn&apos;t match expectation.&#10;Expected: The content to match the given JSON schema.&#10;error: object has missing required properties ([&quot;nome&quot;,&quot;precoTotal&quot;])&#10;    level: &quot;error&quot;&#10;    schema: {&quot;loadingURI&quot;:&quot;file:/C:/Users/iviny/Downloads/qapos/lojavirtualt06/target/test-classes/schemas/carrinhos-schema.json#&quot;,&quot;pointer&quot;:&quot;/definitions/ProdutoCarrinho&quot;}&#10;    instance: {&quot;pointer&quot;:&quot;/carrinhos/0/produtos/0&quot;}&#10;    domain: &quot;validation&quot;&#10;    keyword: &quot;required&quot;&#10;    required: [&quot;idProduto&quot;,&quot;nome&quot;,&quot;precoTotal&quot;,&quot;precoUnitario&quot;,&quot;quantidade&quot;]&#10;    missing: [&quot;nome&quot;,&quot;precoTotal&quot;]&#10;&#10;  Actual: {&#10;    &quot;quantidade&quot;: 8,&#10;    &quot;carrinhos&quot;: [&#10;        {&#10;            &quot;produtos&quot;: [&#10;                {&#10;                    &quot;idProduto&quot;: &quot;aCs3bGjMwyoHZ6W8&quot;,&#10;                    &quot;quantidade&quot;: 1,&#10;                    &quot;precoUnitario&quot;: 174&#10;                }&#10;            ],&#10;            &quot;precoTotal&quot;: 174,&#10;            &quot;quantidadeTotal&quot;: 1,&#10;            &quot;idUsuario&quot;: &quot;JzpHnRdC2375AIkj&quot;,&#10;            &quot;_id&quot;: &quot;3tEDCyQ8mUwn85BZ&quot;&#10;        },&#10;        {&#10;            &quot;produtos&quot;: [&#10;                {&#10;                    &quot;idProduto&quot;: &quot;aCs3bGjMwyoHZ6W8&quot;,&#10;                    &quot;quantidade&quot;: 1,&#10;                    &quot;precoUnitario&quot;: 174&#10;                }&#10;            ],&#10;            &quot;precoTotal&quot;: 174,&#10;            &quot;quantidadeTotal&quot;: 1,&#10;            &quot;idUsuario&quot;: &quot;6WdiadBHMXjnyTA5&quot;,&#10;            &quot;_id&quot;: &quot;GC3CPTzshjlx75r9&quot;&#10;        },&#10;        {&#10;            &quot;produtos&quot;: [&#10;                {&#10;                    &quot;idProduto&quot;: &quot;eQVOe59BIFDJ4N3t&quot;,&#10;                    &quot;quantidade&quot;: 1,&#10;                    &quot;precoUnitario&quot;: 45&#10;                }&#10;            ],&#10;            &quot;precoTotal&quot;: 45,&#10;            &quot;quantidadeTotal&quot;: 1,&#10;            &quot;idUsuario&quot;: &quot;LPcXfvWfLKlbPjhG&quot;,&#10;            &quot;_id&quot;: &quot;KeOBW4Y5MDse74vv&quot;&#10;        },&#10;        {&#10;            &quot;produtos&quot;: [&#10;                {&#10;                    &quot;idProduto&quot;: &quot;aCs3bGjMwyoHZ6W8&quot;,&#10;                    &quot;quantidade&quot;: 1,&#10;                    &quot;precoUnitario&quot;: 174&#10;                }&#10;            ],&#10;            &quot;precoTotal&quot;: 174,&#10;            &quot;quantidadeTotal&quot;: 1,&#10;            &quot;idUsuario&quot;: &quot;vYWgRbPeDt3b6Hqi&quot;,&#10;            &quot;_id&quot;: &quot;LHH2KxaKgpmCFFKn&quot;&#10;        },&#10;        {&#10;            &quot;produtos&quot;: [&#10;                {&#10;                    &quot;idProduto&quot;: &quot;1A6QFccWhV2YpALr&quot;,&#10;                    &quot;quantidade&quot;: 1,&#10;                    &quot;precoUnitario&quot;: 50&#10;                }&#10;            ],&#10;            &quot;precoTotal&quot;: 50,&#10;            &quot;quantidadeTotal&quot;: 1,&#10;            &quot;idUsuario&quot;: &quot;8JRxenXyYLmEnRe7&quot;,&#10;            &quot;_id&quot;: &quot;VhktFF6DcjI1cYyc&quot;&#10;        },&#10;        {&#10;            &quot;produtos&quot;: [&#10;                {&#10;                    &quot;idProduto&quot;: &quot;eQVOe59BIFDJ4N3t&quot;,&#10;                    &quot;quantidade&quot;: 1,&#10;                    &quot;precoUnitario&quot;: 45&#10;                }&#10;            ],&#10;            &quot;precoTotal&quot;: 45,&#10;            &quot;quantidadeTotal&quot;: 1,&#10;            &quot;idUsuario&quot;: &quot;ekx93IL2yFgd3Dzs&quot;,&#10;            &quot;_id&quot;: &quot;cJGRR3XWavVyS2Mu&quot;&#10;        },&#10;        {&#10;            &quot;produtos&quot;: [&#10;                {&#10;                    &quot;idProduto&quot;: &quot;eQVOe59BIFDJ4N3t&quot;,&#10;                    &quot;quantidade&quot;: 1,&#10;                    &quot;precoUnitario&quot;: 45&#10;                }&#10;            ],&#10;            &quot;precoTotal&quot;: 45,&#10;            &quot;quantidadeTotal&quot;: 1,&#10;            &quot;idUsuario&quot;: &quot;6jymj94ZLK8R97yy&quot;,&#10;            &quot;_id&quot;: &quot;e4QPwTTlpWJy5bxj&quot;&#10;        },&#10;        {&#10;            &quot;produtos&quot;: [&#10;                {&#10;                    &quot;idProduto&quot;: &quot;BeeJh5lz3k6kSIzA&quot;,&#10;                    &quot;quantidade&quot;: 2,&#10;                    &quot;precoUnitario&quot;: 470&#10;                },&#10;                {&#10;                    &quot;idProduto&quot;: &quot;K6leHdftCeOJj8BJ&quot;,&#10;                    &quot;quantidade&quot;: 1,&#10;                    &quot;precoUnitario&quot;: 5240&#10;                }&#10;            ],&#10;            &quot;precoTotal&quot;: 6180,&#10;            &quot;quantidadeTotal&quot;: 3,&#10;            &quot;idUsuario&quot;: &quot;0uxuPY0cbmQhpEz1&quot;,&#10;            &quot;_id&quot;: &quot;qbMqntef4iTOwWfg&quot;&#10;        }&#10;    ]&#10;}&#10;" type="java.lang.AssertionError"><![CDATA[java.lang.AssertionError: 
1 expectation failed.
Response body doesn't match expectation.
Expected: The content to match the given JSON schema.
error: object has missing required properties (["nome","precoTotal"])
    level: "error"
    schema: {"loadingURI":"file:/C:/Users/iviny/Downloads/qapos/lojavirtualt06/target/test-classes/schemas/carrinhos-schema.json#","pointer":"/definitions/ProdutoCarrinho"}
    instance: {"pointer":"/carrinhos/0/produtos/0"}
    domain: "validation"
    keyword: "required"
    required: ["idProduto","nome","precoTotal","precoUnitario","quantidade"]
    missing: ["nome","precoTotal"]

  Actual: {
    "quantidade": 8,
    "carrinhos": [
        {
            "produtos": [
                {
                    "idProduto": "aCs3bGjMwyoHZ6W8",
                    "quantidade": 1,
                    "precoUnitario": 174
                }
            ],
            "precoTotal": 174,
            "quantidadeTotal": 1,
            "idUsuario": "JzpHnRdC2375AIkj",
            "_id": "3tEDCyQ8mUwn85BZ"
        },
        {
            "produtos": [
                {
                    "idProduto": "aCs3bGjMwyoHZ6W8",
                    "quantidade": 1,
                    "precoUnitario": 174
                }
            ],
            "precoTotal": 174,
            "quantidadeTotal": 1,
            "idUsuario": "6WdiadBHMXjnyTA5",
            "_id": "GC3CPTzshjlx75r9"
        },
        {
            "produtos": [
                {
                    "idProduto": "eQVOe59BIFDJ4N3t",
                    "quantidade": 1,
                    "precoUnitario": 45
                }
            ],
            "precoTotal": 45,
            "quantidadeTotal": 1,
            "idUsuario": "LPcXfvWfLKlbPjhG",
            "_id": "KeOBW4Y5MDse74vv"
        },
        {
            "produtos": [
                {
                    "idProduto": "aCs3bGjMwyoHZ6W8",
                    "quantidade": 1,
                    "precoUnitario": 174
                }
            ],
            "precoTotal": 174,
            "quantidadeTotal": 1,
            "idUsuario": "vYWgRbPeDt3b6Hqi",
            "_id": "LHH2KxaKgpmCFFKn"
        },
        {
            "produtos": [
                {
                    "idProduto": "1A6QFccWhV2YpALr",
                    "quantidade": 1,
                    "precoUnitario": 50
                }
            ],
            "precoTotal": 50,
            "quantidadeTotal": 1,
            "idUsuario": "8JRxenXyYLmEnRe7",
            "_id": "VhktFF6DcjI1cYyc"
        },
        {
            "produtos": [
                {
                    "idProduto": "eQVOe59BIFDJ4N3t",
                    "quantidade": 1,
                    "precoUnitario": 45
                }
            ],
            "precoTotal": 45,
            "quantidadeTotal": 1,
            "idUsuario": "ekx93IL2yFgd3Dzs",
            "_id": "cJGRR3XWavVyS2Mu"
        },
        {
            "produtos": [
                {
                    "idProduto": "eQVOe59BIFDJ4N3t",
                    "quantidade": 1,
                    "precoUnitario": 45
                }
            ],
            "precoTotal": 45,
            "quantidadeTotal": 1,
            "idUsuario": "6jymj94ZLK8R97yy",
            "_id": "e4QPwTTlpWJy5bxj"
        },
        {
            "produtos": [
                {
                    "idProduto": "BeeJh5lz3k6kSIzA",
                    "quantidade": 2,
                    "precoUnitario": 470
                },
                {
                    "idProduto": "K6leHdftCeOJj8BJ",
                    "quantidade": 1,
                    "precoUnitario": 5240
                }
            ],
            "precoTotal": 6180,
            "quantidadeTotal": 3,
            "idUsuario": "0uxuPY0cbmQhpEz1",
            "_id": "qbMqntef4iTOwWfg"
        }
    ]
}

	at java.base/jdk.internal.reflect.DirectConstructorHandleAccessor.newInstance(DirectConstructorHandleAccessor.java:62)
	at java.base/java.lang.reflect.Constructor.newInstanceWithCaller(Constructor.java:502)
	at java.base/java.lang.reflect.Constructor.newInstance(Constructor.java:486)
	at org.codehaus.groovy.reflection.CachedConstructor.invoke(CachedConstructor.java:73)
	at org.codehaus.groovy.runtime.callsite.ConstructorSite$ConstructorSiteNoUnwrapNoCoerce.callConstructor(ConstructorSite.java:108)
	at org.codehaus.groovy.runtime.callsite.CallSiteArray.defaultCallConstructor(CallSiteArray.java:57)
	at org.codehaus.groovy.runtime.callsite.AbstractCallSite.callConstructor(AbstractCallSite.java:263)
	at org.codehaus.groovy.runtime.callsite.AbstractCallSite.callConstructor(AbstractCallSite.java:277)
	at io.restassured.internal.ResponseSpecificationImpl$HamcrestAssertionClosure.validate(ResponseSpecificationImpl.groovy:512)
	at io.restassured.internal.ResponseSpecificationImpl$HamcrestAssertionClosure$validate$1.call(Unknown Source)
	at io.restassured.internal.ResponseSpecificationImpl.validateResponseIfRequired(ResponseSpecificationImpl.groovy:696)
	at io.restassured.internal.ResponseSpecificationImpl.this$2$validateResponseIfRequired(ResponseSpecificationImpl.groovy)
	at java.base/jdk.internal.reflect.DirectMethodHandleAccessor.invoke(DirectMethodHandleAccessor.java:103)
	at java.base/java.lang.reflect.Method.invoke(Method.java:580)
	at org.codehaus.groovy.runtime.callsite.PlainObjectMetaMethodSite.doInvoke(PlainObjectMetaMethodSite.java:43)
	at org.codehaus.groovy.runtime.callsite.PogoMetaMethodSite$PogoCachedMethodSiteNoUnwrapNoCoerce.invoke(PogoMetaMethodSite.java:198)
	at org.codehaus.groovy.runtime.callsite.PogoMetaMethodSite.callCurrent(PogoMetaMethodSite.java:62)
	at org.codehaus.groovy.runtime.callsite.CallSiteArray.defaultCallCurrent(CallSiteArray.java:49)
	at org.codehaus.groovy.runtime.callsite.AbstractCallSite.callCurrent(AbstractCallSite.java:171)
	at org.codehaus.groovy.runtime.callsite.AbstractCallSite.callCurrent(AbstractCallSite.java:185)
	at io.restassured.internal.ResponseSpecificationImpl.body(ResponseSpecificationImpl.groovy:107)
	at io.restassured.internal.ValidatableResponseOptionsImpl.body(ValidatableResponseOptionsImpl.java:238)
	at serverrest.ContratoCarrinhoTest.deveValidarContratoDeCarrinhos(ContratoCarrinhoTest.java:28)
	at java.base/jdk.internal.reflect.DirectMethodHandleAccessor.invoke(DirectMethodHandleAccessor.java:103)
	at java.base/java.lang.reflect.Method.invoke(Method.java:580)
	at org.junit.platform.commons.util.ReflectionUtils.invokeMethod(ReflectionUtils.java:725)
	at org.junit.jupiter.engine.execution.MethodInvocation.proceed(MethodInvocation.java:60)
	at org.junit.jupiter.engine.execution.InvocationInterceptorChain$ValidatingInvocation.proceed(InvocationInterceptorChain.java:131)
	at org.junit.jupiter.engine.extension.TimeoutExtension.intercept(TimeoutExtension.java:149)
	at org.junit.jupiter.engine.extension.TimeoutExtension.interceptTestableMethod(TimeoutExtension.java:140)
	at org.junit.jupiter.engine.extension.TimeoutExtension.interceptTestMethod(TimeoutExtension.java:84)
	at org.junit.jupiter.engine.execution.ExecutableInvoker$ReflectiveInterceptorCall.lambda$ofVoidMethod$0(ExecutableInvoker.java:115)
	at org.junit.jupiter.engine.execution.ExecutableInvoker.lambda$invoke$0(ExecutableInvoker.java:105)
	at org.junit.jupiter.engine.execution.InvocationInterceptorChain$InterceptedInvocation.proceed(InvocationInterceptorChain.java:106)
	at org.junit.jupiter.engine.execution.InvocationInterceptorChain.proceed(InvocationInterceptorChain.java:64)
	at org.junit.jupiter.engine.execution.InvocationInterceptorChain.chainAndInvoke(InvocationInterceptorChain.java:45)
	at org.junit.jupiter.engine.execution.InvocationInterceptorChain.invoke(InvocationInterceptorChain.java:37)
	at org.junit.jupiter.engine.execution.ExecutableInvoker.invoke(ExecutableInvoker.java:104)
	at org.junit.jupiter.engine.execution.ExecutableInvoker.invoke(ExecutableInvoker.java:98)
	at org.junit.jupiter.engine.descriptor.TestMethodTestDescriptor.lambda$invokeTestMethod$7(TestMethodTestDescriptor.java:214)
	at org.junit.platform.engine.support.hierarchical.ThrowableCollector.execute(ThrowableCollector.java:73)
	at org.junit.jupiter.engine.descriptor.TestMethodTestDescriptor.invokeTestMethod(TestMethodTestDescriptor.java:210)
	at org.junit.jupiter.engine.descriptor.TestMethodTestDescriptor.execute(TestMethodTestDescriptor.java:135)
	at org.junit.jupiter.engine.descriptor.TestMethodTestDescriptor.execute(TestMethodTestDescriptor.java:66)
	at org.junit.platform.engine.support.hierarchical.NodeTestTask.lambda$executeRecursively$6(NodeTestTask.java:151)
	at org.junit.platform.engine.support.hierarchical.ThrowableCollector.execute(ThrowableCollector.java:73)
	at org.junit.platform.engine.support.hierarchical.NodeTestTask.lambda$executeRecursively$8(NodeTestTask.java:141)
	at org.junit.platform.engine.support.hierarchical.Node.around(Node.java:137)
	at org.junit.platform.engine.support.hierarchical.NodeTestTask.lambda$executeRecursively$9(NodeTestTask.java:139)
	at org.junit.platform.engine.support.hierarchical.ThrowableCollector.execute(ThrowableCollector.java:73)
	at org.junit.platform.engine.support.hierarchical.NodeTestTask.executeRecursively(NodeTestTask.java:138)
	at org.junit.platform.engine.support.hierarchical.NodeTestTask.execute(NodeTestTask.java:95)
	at java.base/java.util.ArrayList.forEach(ArrayList.java:1596)
	at org.junit.platform.engine.support.hierarchical.SameThreadHierarchicalTestExecutorService.invokeAll(SameThreadHierarchicalTestExecutorService.java:41)
	at org.junit.platform.engine.support.hierarchical.NodeTestTask.lambda$executeRecursively$6(NodeTestTask.java:155)
	at org.junit.platform.engine.support.hierarchical.ThrowableCollector.execute(ThrowableCollector.java:73)
	at org.junit.platform.engine.support.hierarchical.NodeTestTask.lambda$executeRecursively$8(NodeTestTask.java:141)
	at org.junit.platform.engine.support.hierarchical.Node.around(Node.java:137)
	at org.junit.platform.engine.support.hierarchical.NodeTestTask.lambda$executeRecursively$9(NodeTestTask.java:139)
	at org.junit.platform.engine.support.hierarchical.ThrowableCollector.execute(ThrowableCollector.java:73)
	at org.junit.platform.engine.support.hierarchical.NodeTestTask.executeRecursively(NodeTestTask.java:138)
	at org.junit.platform.engine.support.hierarchical.NodeTestTask.execute(NodeTestTask.java:95)
	at java.base/java.util.ArrayList.forEach(ArrayList.java:1596)
	at org.junit.platform.engine.support.hierarchical.SameThreadHierarchicalTestExecutorService.invokeAll(SameThreadHierarchicalTestExecutorService.java:41)
	at org.junit.platform.engine.support.hierarchical.NodeTestTask.lambda$executeRecursively$6(NodeTestTask.java:155)
	at org.junit.platform.engine.support.hierarchical.ThrowableCollector.execute(ThrowableCollector.java:73)
	at org.junit.platform.engine.support.hierarchical.NodeTestTask.lambda$executeRecursively$8(NodeTestTask.java:141)
	at org.junit.platform.engine.support.hierarchical.Node.around(Node.java:137)
	at org.junit.platform.engine.support.hierarchical.NodeTestTask.lambda$executeRecursively$9(NodeTestTask.java:139)
	at org.junit.platform.engine.support.hierarchical.ThrowableCollector.execute(ThrowableCollector.java:73)
	at org.junit.platform.engine.support.hierarchical.NodeTestTask.executeRecursively(NodeTestTask.java:138)
	at org.junit.platform.engine.support.hierarchical.NodeTestTask.execute(NodeTestTask.java:95)
	at org.junit.platform.engine.support.hierarchical.SameThreadHierarchicalTestExecutorService.submit(SameThreadHierarchicalTestExecutorService.java:35)
	at org.junit.platform.engine.support.hierarchical.HierarchicalTestExecutor.execute(HierarchicalTestExecutor.java:57)
	at org.junit.platform.engine.support.hierarchical.HierarchicalTestEngine.execute(HierarchicalTestEngine.java:54)
	at org.junit.platform.launcher.core.EngineExecutionOrchestrator.execute(EngineExecutionOrchestrator.java:147)
	at org.junit.platform.launcher.core.EngineExecutionOrchestrator.execute(EngineExecutionOrchestrator.java:127)
	at org.junit.platform.launcher.core.EngineExecutionOrchestrator.execute(EngineExecutionOrchestrator.java:90)
	at org.junit.platform.launcher.core.EngineExecutionOrchestrator.lambda$execute$0(EngineExecutionOrchestrator.java:55)
	at org.junit.platform.launcher.core.EngineExecutionOrchestrator.withInterceptedStreams(EngineExecutionOrchestrator.java:102)
	at org.junit.platform.launcher.core.EngineExecutionOrchestrator.execute(EngineExecutionOrchestrator.java:54)
	at org.junit.platform.launcher.core.DefaultLauncher.execute(DefaultLauncher.java:114)
	at org.junit.platform.launcher.core.DefaultLauncher.execute(DefaultLauncher.java:86)
	at org.junit.platform.launcher.core.DefaultLauncherSession$DelegatingLauncher.execute(DefaultLauncherSession.java:86)
	at org.apache.maven.surefire.junitplatform.LazyLauncher.execute(LazyLauncher.java:55)
	at org.apache.maven.surefire.junitplatform.JUnitPlatformProvider.execute(JUnitPlatformProvider.java:223)
	at org.apache.maven.surefire.junitplatform.JUnitPlatformProvider.invokeAllTests(JUnitPlatformProvider.java:175)
	at org.apache.maven.surefire.junitplatform.JUnitPlatformProvider.invoke(JUnitPlatformProvider.java:139)
	at org.apache.maven.surefire.booter.ForkedBooter.runSuitesInProcess(ForkedBooter.java:456)
	at org.apache.maven.surefire.booter.ForkedBooter.execute(ForkedBooter.java:169)
	at org.apache.maven.surefire.booter.ForkedBooter.run(ForkedBooter.java:595)
	at org.apache.maven.surefire.booter.ForkedBooter.main(ForkedBooter.java:581)
]]></failure>
  </testcase>
</testsuite>